[
  {
    "level": "INFO",
    "message": "android.ndkVersion from module build.gradle is [20.1.5948944]"
  },
  {
    "level": "INFO",
    "message": "android.ndkPath from module build.gradle is not set"
  },
  {
    "level": "INFO",
    "message": "ndk.dir in local.properties is not set"
  },
  {
    "level": "INFO",
    "message": "Not considering ANDROID_NDK_HOME because support was removed after deprecation period."
  },
  {
    "level": "INFO",
    "message": "sdkFolder is /home/ceiw/android-sdk"
  },
  {
    "level": "INFO",
    "message": "Folder /home/ceiw/android-sdk/ndk/20.1.5948944 does not exist. Ignoring."
  },
  {
    "level": "INFO",
    "message": "Folder /home/ceiw/android-sdk/ndk-bundle does not exist. Ignoring."
  },
  {
    "level": "INFO",
    "message": "No NDK was found. Trying to download it now."
  },
  {
    "level": "INFO",
    "message": "NDK 20.1.5948944 was downloaded to /home/ceiw/android-sdk/ndk/20.1.5948944. Using that."
  }
]